Exporter version: 6.4.3, Blender version: 2.83.3
========= Conversion from Blender to Babylon.js =========
	Scene settings used :
		Inline textures     :  true
		Material Type       :  PBR
		Positions Precision :  4
		Normals Precision   :  3
		UVs Precision       :  3
		Vert Color Precision:  3
		Mat Weight Precision:  2
		Keep Z-up r-handed  :  no
	Python World class constructor completed
	processing begun of mesh:  monkey1
		WARNING: No materials have been assigned: 
		num positions      :  635
		num normals        :  635
		num tangents       :  0
		num uvs            :  1270
		num uvs2           :  0
		num colors         :  0
		num triangles      :  968
========= Writing of JSON file started =========
	writing mesh:  monkey1
========= Writing of JSON file completed =========
========= end of processing =========
elapsed time:  0 min, 0.1857 secs
