Exporter version: 6.4.3, Blender version: 2.83.3
========= Conversion from Blender to Babylon.js =========
	Scene settings used :
		Inline textures     :  false
		Material Type       :  PBR
		Positions Precision :  4
		Normals Precision   :  3
		UVs Precision       :  3
		Vert Color Precision:  3
		Mat Weight Precision:  2
		Keep Z-up r-handed  :  no
		Texture directory   :  C:\dev\src\3ddoodle\dist\
	Python World class constructor completed
	processing begun of mesh:  tree1
		processing begun of material:  Material_0
			WARNING: unsupported node type(ShaderNodeAddShader) will trigger baking
			bake time:  0 min, 0.0068 secs
		Custom split normals with tangents being used
		num positions      :  996
		num normals        :  996
		num tangents       :  3984
		num uvs            :  1992
		num uvs2           :  0
		num colors         :  0
		num triangles      :  332
========= Writing of JSON file started =========
	writing mesh:  tree1
========= Writing of JSON file completed =========
========= end of processing =========
elapsed time:  0 min, 0.0758 secs
